Error: ENOENT: no such file or directory, open '/cert/privkey.pem'
    at Object.openSync (node:fs:585:3)
    at Object.readFileSync (node:fs:453:35)
    at Object.<anonymous> (/home/fyp21075/server.js:10:23)
    at Module._compile (node:internal/modules/cjs/loader:1103:14)
    at Object.Module._extensions..js (node:internal/modules/cjs/loader:1157:10)
    at Module.load (node:internal/modules/cjs/loader:981:32)
    at Function.Module._load (node:internal/modules/cjs/loader:822:12)
    at Object.<anonymous> (/usr/lib/node_modules/pm2/lib/ProcessContainerFork.js:33:23)
    at Module._compile (node:internal/modules/cjs/loader:1103:14)
    at Object.Module._extensions..js (node:internal/modules/cjs/loader:1157:10) {
  errno: -2,
  syscall: 'open',
  code: 'ENOENT',
  path: '/cert/privkey.pem'
}
Error: ENOENT: no such file or directory, open '/cert/privkey.pem'
    at Object.openSync (node:fs:585:3)
    at Object.readFileSync (node:fs:453:35)
    at Object.<anonymous> (/home/fyp21075/server.js:10:23)
    at Module._compile (node:internal/modules/cjs/loader:1103:14)
    at Object.Module._extensions..js (node:internal/modules/cjs/loader:1157:10)
    at Module.load (node:internal/modules/cjs/loader:981:32)
    at Function.Module._load (node:internal/modules/cjs/loader:822:12)
    at Object.<anonymous> (/usr/lib/node_modules/pm2/lib/ProcessContainerFork.js:33:23)
    at Module._compile (node:internal/modules/cjs/loader:1103:14)
    at Object.Module._extensions..js (node:internal/modules/cjs/loader:1157:10) {
  errno: -2,
  syscall: 'open',
  code: 'ENOENT',
  path: '/cert/privkey.pem'
}
Error: ENOENT: no such file or directory, open '/cert/privkey.pem'
    at Object.openSync (node:fs:585:3)
    at Object.readFileSync (node:fs:453:35)
    at Object.<anonymous> (/home/fyp21075/server.js:10:23)
    at Module._compile (node:internal/modules/cjs/loader:1103:14)
    at Object.Module._extensions..js (node:internal/modules/cjs/loader:1157:10)
    at Module.load (node:internal/modules/cjs/loader:981:32)
    at Function.Module._load (node:internal/modules/cjs/loader:822:12)
    at Object.<anonymous> (/usr/lib/node_modules/pm2/lib/ProcessContainerFork.js:33:23)
    at Module._compile (node:internal/modules/cjs/loader:1103:14)
    at Object.Module._extensions..js (node:internal/modules/cjs/loader:1157:10) {
  errno: -2,
  syscall: 'open',
  code: 'ENOENT',
  path: '/cert/privkey.pem'
}
Error: ENOENT: no such file or directory, open '/cert/privkey.pem'
    at Object.openSync (node:fs:585:3)
    at Object.readFileSync (node:fs:453:35)
    at Object.<anonymous> (/home/fyp21075/server.js:10:23)
    at Module._compile (node:internal/modules/cjs/loader:1103:14)
    at Object.Module._extensions..js (node:internal/modules/cjs/loader:1157:10)
    at Module.load (node:internal/modules/cjs/loader:981:32)
    at Function.Module._load (node:internal/modules/cjs/loader:822:12)
    at Object.<anonymous> (/usr/lib/node_modules/pm2/lib/ProcessContainerFork.js:33:23)
    at Module._compile (node:internal/modules/cjs/loader:1103:14)
    at Object.Module._extensions..js (node:internal/modules/cjs/loader:1157:10) {
  errno: -2,
  syscall: 'open',
  code: 'ENOENT',
  path: '/cert/privkey.pem'
}
Error: ENOENT: no such file or directory, open '/cert/privkey.pem'
    at Object.openSync (node:fs:585:3)
    at Object.readFileSync (node:fs:453:35)
    at Object.<anonymous> (/home/fyp21075/server.js:10:23)
    at Module._compile (node:internal/modules/cjs/loader:1103:14)
    at Object.Module._extensions..js (node:internal/modules/cjs/loader:1157:10)
    at Module.load (node:internal/modules/cjs/loader:981:32)
    at Function.Module._load (node:internal/modules/cjs/loader:822:12)
    at Object.<anonymous> (/usr/lib/node_modules/pm2/lib/ProcessContainerFork.js:33:23)
    at Module._compile (node:internal/modules/cjs/loader:1103:14)
    at Object.Module._extensions..js (node:internal/modules/cjs/loader:1157:10) {
  errno: -2,
  syscall: 'open',
  code: 'ENOENT',
  path: '/cert/privkey.pem'
}
Error: ENOENT: no such file or directory, open '/cert/privkey.pem'
    at Object.openSync (node:fs:585:3)
    at Object.readFileSync (node:fs:453:35)
    at Object.<anonymous> (/home/fyp21075/server.js:10:23)
    at Module._compile (node:internal/modules/cjs/loader:1103:14)
    at Object.Module._extensions..js (node:internal/modules/cjs/loader:1157:10)
    at Module.load (node:internal/modules/cjs/loader:981:32)
    at Function.Module._load (node:internal/modules/cjs/loader:822:12)
    at Object.<anonymous> (/usr/lib/node_modules/pm2/lib/ProcessContainerFork.js:33:23)
    at Module._compile (node:internal/modules/cjs/loader:1103:14)
    at Object.Module._extensions..js (node:internal/modules/cjs/loader:1157:10) {
  errno: -2,
  syscall: 'open',
  code: 'ENOENT',
  path: '/cert/privkey.pem'
}
Error: ENOENT: no such file or directory, open '/cert/privkey.pem'
    at Object.openSync (node:fs:585:3)
    at Object.readFileSync (node:fs:453:35)
    at Object.<anonymous> (/home/fyp21075/server.js:10:23)
    at Module._compile (node:internal/modules/cjs/loader:1103:14)
    at Object.Module._extensions..js (node:internal/modules/cjs/loader:1157:10)
    at Module.load (node:internal/modules/cjs/loader:981:32)
    at Function.Module._load (node:internal/modules/cjs/loader:822:12)
    at Object.<anonymous> (/usr/lib/node_modules/pm2/lib/ProcessContainerFork.js:33:23)
    at Module._compile (node:internal/modules/cjs/loader:1103:14)
    at Object.Module._extensions..js (node:internal/modules/cjs/loader:1157:10) {
  errno: -2,
  syscall: 'open',
  code: 'ENOENT',
  path: '/cert/privkey.pem'
}
Error: ENOENT: no such file or directory, open '/cert/privkey.pem'
    at Object.openSync (node:fs:585:3)
    at Object.readFileSync (node:fs:453:35)
    at Object.<anonymous> (/home/fyp21075/server.js:10:23)
    at Module._compile (node:internal/modules/cjs/loader:1103:14)
    at Object.Module._extensions..js (node:internal/modules/cjs/loader:1157:10)
    at Module.load (node:internal/modules/cjs/loader:981:32)
    at Function.Module._load (node:internal/modules/cjs/loader:822:12)
    at Object.<anonymous> (/usr/lib/node_modules/pm2/lib/ProcessContainerFork.js:33:23)
    at Module._compile (node:internal/modules/cjs/loader:1103:14)
    at Object.Module._extensions..js (node:internal/modules/cjs/loader:1157:10) {
  errno: -2,
  syscall: 'open',
  code: 'ENOENT',
  path: '/cert/privkey.pem'
}
Error: ENOENT: no such file or directory, open '/cert/privkey.pem'
    at Object.openSync (node:fs:585:3)
    at Object.readFileSync (node:fs:453:35)
    at Object.<anonymous> (/home/fyp21075/server.js:10:23)
    at Module._compile (node:internal/modules/cjs/loader:1103:14)
    at Object.Module._extensions..js (node:internal/modules/cjs/loader:1157:10)
    at Module.load (node:internal/modules/cjs/loader:981:32)
    at Function.Module._load (node:internal/modules/cjs/loader:822:12)
    at Object.<anonymous> (/usr/lib/node_modules/pm2/lib/ProcessContainerFork.js:33:23)
    at Module._compile (node:internal/modules/cjs/loader:1103:14)
    at Object.Module._extensions..js (node:internal/modules/cjs/loader:1157:10) {
  errno: -2,
  syscall: 'open',
  code: 'ENOENT',
  path: '/cert/privkey.pem'
}
Error: ENOENT: no such file or directory, open '/cert/privkey.pem'
    at Object.openSync (node:fs:585:3)
    at Object.readFileSync (node:fs:453:35)
    at Object.<anonymous> (/home/fyp21075/server.js:10:23)
    at Module._compile (node:internal/modules/cjs/loader:1103:14)
    at Object.Module._extensions..js (node:internal/modules/cjs/loader:1157:10)
    at Module.load (node:internal/modules/cjs/loader:981:32)
    at Function.Module._load (node:internal/modules/cjs/loader:822:12)
    at Object.<anonymous> (/usr/lib/node_modules/pm2/lib/ProcessContainerFork.js:33:23)
    at Module._compile (node:internal/modules/cjs/loader:1103:14)
    at Object.Module._extensions..js (node:internal/modules/cjs/loader:1157:10) {
  errno: -2,
  syscall: 'open',
  code: 'ENOENT',
  path: '/cert/privkey.pem'
}
Error: ENOENT: no such file or directory, open '/cert/privkey.pem'
    at Object.openSync (node:fs:585:3)
    at Object.readFileSync (node:fs:453:35)
    at Object.<anonymous> (/home/fyp21075/server.js:10:23)
    at Module._compile (node:internal/modules/cjs/loader:1103:14)
    at Object.Module._extensions..js (node:internal/modules/cjs/loader:1157:10)
    at Module.load (node:internal/modules/cjs/loader:981:32)
    at Function.Module._load (node:internal/modules/cjs/loader:822:12)
    at Object.<anonymous> (/usr/lib/node_modules/pm2/lib/ProcessContainerFork.js:33:23)
    at Module._compile (node:internal/modules/cjs/loader:1103:14)
    at Object.Module._extensions..js (node:internal/modules/cjs/loader:1157:10) {
  errno: -2,
  syscall: 'open',
  code: 'ENOENT',
  path: '/cert/privkey.pem'
}
Error: ENOENT: no such file or directory, open '/cert/privkey.pem'
    at Object.openSync (node:fs:585:3)
    at Object.readFileSync (node:fs:453:35)
    at Object.<anonymous> (/home/fyp21075/server.js:10:23)
    at Module._compile (node:internal/modules/cjs/loader:1103:14)
    at Object.Module._extensions..js (node:internal/modules/cjs/loader:1157:10)
    at Module.load (node:internal/modules/cjs/loader:981:32)
    at Function.Module._load (node:internal/modules/cjs/loader:822:12)
    at Object.<anonymous> (/usr/lib/node_modules/pm2/lib/ProcessContainerFork.js:33:23)
    at Module._compile (node:internal/modules/cjs/loader:1103:14)
    at Object.Module._extensions..js (node:internal/modules/cjs/loader:1157:10) {
  errno: -2,
  syscall: 'open',
  code: 'ENOENT',
  path: '/cert/privkey.pem'
}
Error: ENOENT: no such file or directory, open '/cert/privkey.pem'
    at Object.openSync (node:fs:585:3)
    at Object.readFileSync (node:fs:453:35)
    at Object.<anonymous> (/home/fyp21075/server.js:10:23)
    at Module._compile (node:internal/modules/cjs/loader:1103:14)
    at Object.Module._extensions..js (node:internal/modules/cjs/loader:1157:10)
    at Module.load (node:internal/modules/cjs/loader:981:32)
    at Function.Module._load (node:internal/modules/cjs/loader:822:12)
    at Object.<anonymous> (/usr/lib/node_modules/pm2/lib/ProcessContainerFork.js:33:23)
    at Module._compile (node:internal/modules/cjs/loader:1103:14)
    at Object.Module._extensions..js (node:internal/modules/cjs/loader:1157:10) {
  errno: -2,
  syscall: 'open',
  code: 'ENOENT',
  path: '/cert/privkey.pem'
}
Error: ENOENT: no such file or directory, open '/cert/privkey.pem'
    at Object.openSync (node:fs:585:3)
    at Object.readFileSync (node:fs:453:35)
    at Object.<anonymous> (/home/fyp21075/server.js:10:23)
    at Module._compile (node:internal/modules/cjs/loader:1103:14)
    at Object.Module._extensions..js (node:internal/modules/cjs/loader:1157:10)
    at Module.load (node:internal/modules/cjs/loader:981:32)
    at Function.Module._load (node:internal/modules/cjs/loader:822:12)
    at Object.<anonymous> (/usr/lib/node_modules/pm2/lib/ProcessContainerFork.js:33:23)
    at Module._compile (node:internal/modules/cjs/loader:1103:14)
    at Object.Module._extensions..js (node:internal/modules/cjs/loader:1157:10) {
  errno: -2,
  syscall: 'open',
  code: 'ENOENT',
  path: '/cert/privkey.pem'
}
Error: ENOENT: no such file or directory, open '/cert/privkey.pem'
    at Object.openSync (node:fs:585:3)
    at Object.readFileSync (node:fs:453:35)
    at Object.<anonymous> (/home/fyp21075/server.js:10:23)
    at Module._compile (node:internal/modules/cjs/loader:1103:14)
    at Object.Module._extensions..js (node:internal/modules/cjs/loader:1157:10)
    at Module.load (node:internal/modules/cjs/loader:981:32)
    at Function.Module._load (node:internal/modules/cjs/loader:822:12)
    at Object.<anonymous> (/usr/lib/node_modules/pm2/lib/ProcessContainerFork.js:33:23)
    at Module._compile (node:internal/modules/cjs/loader:1103:14)
    at Object.Module._extensions..js (node:internal/modules/cjs/loader:1157:10) {
  errno: -2,
  syscall: 'open',
  code: 'ENOENT',
  path: '/cert/privkey.pem'
}
Error: ENOENT: no such file or directory, open '/cert/privkey.pem'
    at Object.openSync (node:fs:585:3)
    at Object.readFileSync (node:fs:453:35)
    at Object.<anonymous> (/home/fyp21075/server.js:10:23)
    at Module._compile (node:internal/modules/cjs/loader:1103:14)
    at Object.Module._extensions..js (node:internal/modules/cjs/loader:1157:10)
    at Module.load (node:internal/modules/cjs/loader:981:32)
    at Function.Module._load (node:internal/modules/cjs/loader:822:12)
    at Object.<anonymous> (/usr/lib/node_modules/pm2/lib/ProcessContainerFork.js:33:23)
    at Module._compile (node:internal/modules/cjs/loader:1103:14)
    at Object.Module._extensions..js (node:internal/modules/cjs/loader:1157:10) {
  errno: -2,
  syscall: 'open',
  code: 'ENOENT',
  path: '/cert/privkey.pem'
}
Error: EACCES: permission denied, open 'cert/privkey.pem'
    at Object.openSync (node:fs:585:3)
    at Object.readFileSync (node:fs:453:35)
    at Object.<anonymous> (/home/fyp21075/server.js:15:10)
    at Module._compile (node:internal/modules/cjs/loader:1103:14)
    at Object.Module._extensions..js (node:internal/modules/cjs/loader:1157:10)
    at Module.load (node:internal/modules/cjs/loader:981:32)
    at Function.Module._load (node:internal/modules/cjs/loader:822:12)
    at Object.<anonymous> (/usr/lib/node_modules/pm2/lib/ProcessContainerFork.js:33:23)
    at Module._compile (node:internal/modules/cjs/loader:1103:14)
    at Object.Module._extensions..js (node:internal/modules/cjs/loader:1157:10) {
  errno: -13,
  syscall: 'open',
  code: 'EACCES',
  path: 'cert/privkey.pem'
}
Error: EACCES: permission denied, open 'cert/privkey.pem'
    at Object.openSync (node:fs:585:3)
    at Object.readFileSync (node:fs:453:35)
    at Object.<anonymous> (/home/fyp21075/server.js:15:10)
    at Module._compile (node:internal/modules/cjs/loader:1103:14)
    at Object.Module._extensions..js (node:internal/modules/cjs/loader:1157:10)
    at Module.load (node:internal/modules/cjs/loader:981:32)
    at Function.Module._load (node:internal/modules/cjs/loader:822:12)
    at Object.<anonymous> (/usr/lib/node_modules/pm2/lib/ProcessContainerFork.js:33:23)
    at Module._compile (node:internal/modules/cjs/loader:1103:14)
    at Object.Module._extensions..js (node:internal/modules/cjs/loader:1157:10) {
  errno: -13,
  syscall: 'open',
  code: 'EACCES',
  path: 'cert/privkey.pem'
}
Error: EACCES: permission denied, open 'cert/privkey.pem'
    at Object.openSync (node:fs:585:3)
    at Object.readFileSync (node:fs:453:35)
    at Object.<anonymous> (/home/fyp21075/server.js:15:10)
    at Module._compile (node:internal/modules/cjs/loader:1103:14)
    at Object.Module._extensions..js (node:internal/modules/cjs/loader:1157:10)
    at Module.load (node:internal/modules/cjs/loader:981:32)
    at Function.Module._load (node:internal/modules/cjs/loader:822:12)
    at Object.<anonymous> (/usr/lib/node_modules/pm2/lib/ProcessContainerFork.js:33:23)
    at Module._compile (node:internal/modules/cjs/loader:1103:14)
    at Object.Module._extensions..js (node:internal/modules/cjs/loader:1157:10) {
  errno: -13,
  syscall: 'open',
  code: 'EACCES',
  path: 'cert/privkey.pem'
}
Error: EACCES: permission denied, open 'cert/privkey.pem'
    at Object.openSync (node:fs:585:3)
    at Object.readFileSync (node:fs:453:35)
    at Object.<anonymous> (/home/fyp21075/server.js:15:10)
    at Module._compile (node:internal/modules/cjs/loader:1103:14)
    at Object.Module._extensions..js (node:internal/modules/cjs/loader:1157:10)
    at Module.load (node:internal/modules/cjs/loader:981:32)
    at Function.Module._load (node:internal/modules/cjs/loader:822:12)
    at Object.<anonymous> (/usr/lib/node_modules/pm2/lib/ProcessContainerFork.js:33:23)
    at Module._compile (node:internal/modules/cjs/loader:1103:14)
    at Object.Module._extensions..js (node:internal/modules/cjs/loader:1157:10) {
  errno: -13,
  syscall: 'open',
  code: 'EACCES',
  path: 'cert/privkey.pem'
}
Error: EACCES: permission denied, open 'cert/privkey.pem'
    at Object.openSync (node:fs:585:3)
    at Object.readFileSync (node:fs:453:35)
    at Object.<anonymous> (/home/fyp21075/server.js:15:10)
    at Module._compile (node:internal/modules/cjs/loader:1103:14)
    at Object.Module._extensions..js (node:internal/modules/cjs/loader:1157:10)
    at Module.load (node:internal/modules/cjs/loader:981:32)
    at Function.Module._load (node:internal/modules/cjs/loader:822:12)
    at Object.<anonymous> (/usr/lib/node_modules/pm2/lib/ProcessContainerFork.js:33:23)
    at Module._compile (node:internal/modules/cjs/loader:1103:14)
    at Object.Module._extensions..js (node:internal/modules/cjs/loader:1157:10) {
  errno: -13,
  syscall: 'open',
  code: 'EACCES',
  path: 'cert/privkey.pem'
}
Error: EACCES: permission denied, open 'cert/privkey.pem'
    at Object.openSync (node:fs:585:3)
    at Object.readFileSync (node:fs:453:35)
    at Object.<anonymous> (/home/fyp21075/server.js:15:10)
    at Module._compile (node:internal/modules/cjs/loader:1103:14)
    at Object.Module._extensions..js (node:internal/modules/cjs/loader:1157:10)
    at Module.load (node:internal/modules/cjs/loader:981:32)
    at Function.Module._load (node:internal/modules/cjs/loader:822:12)
    at Object.<anonymous> (/usr/lib/node_modules/pm2/lib/ProcessContainerFork.js:33:23)
    at Module._compile (node:internal/modules/cjs/loader:1103:14)
    at Object.Module._extensions..js (node:internal/modules/cjs/loader:1157:10) {
  errno: -13,
  syscall: 'open',
  code: 'EACCES',
  path: 'cert/privkey.pem'
}
Error: EACCES: permission denied, open 'cert/privkey.pem'
    at Object.openSync (node:fs:585:3)
    at Object.readFileSync (node:fs:453:35)
    at Object.<anonymous> (/home/fyp21075/server.js:15:10)
    at Module._compile (node:internal/modules/cjs/loader:1103:14)
    at Object.Module._extensions..js (node:internal/modules/cjs/loader:1157:10)
    at Module.load (node:internal/modules/cjs/loader:981:32)
    at Function.Module._load (node:internal/modules/cjs/loader:822:12)
    at Object.<anonymous> (/usr/lib/node_modules/pm2/lib/ProcessContainerFork.js:33:23)
    at Module._compile (node:internal/modules/cjs/loader:1103:14)
    at Object.Module._extensions..js (node:internal/modules/cjs/loader:1157:10) {
  errno: -13,
  syscall: 'open',
  code: 'EACCES',
  path: 'cert/privkey.pem'
}
Error: EACCES: permission denied, open 'cert/privkey.pem'
    at Object.openSync (node:fs:585:3)
    at Object.readFileSync (node:fs:453:35)
    at Object.<anonymous> (/home/fyp21075/server.js:15:10)
    at Module._compile (node:internal/modules/cjs/loader:1103:14)
    at Object.Module._extensions..js (node:internal/modules/cjs/loader:1157:10)
    at Module.load (node:internal/modules/cjs/loader:981:32)
    at Function.Module._load (node:internal/modules/cjs/loader:822:12)
    at Object.<anonymous> (/usr/lib/node_modules/pm2/lib/ProcessContainerFork.js:33:23)
    at Module._compile (node:internal/modules/cjs/loader:1103:14)
    at Object.Module._extensions..js (node:internal/modules/cjs/loader:1157:10) {
  errno: -13,
  syscall: 'open',
  code: 'EACCES',
  path: 'cert/privkey.pem'
}
Error: EACCES: permission denied, open 'cert/privkey.pem'
    at Object.openSync (node:fs:585:3)
    at Object.readFileSync (node:fs:453:35)
    at Object.<anonymous> (/home/fyp21075/server.js:15:10)
    at Module._compile (node:internal/modules/cjs/loader:1103:14)
    at Object.Module._extensions..js (node:internal/modules/cjs/loader:1157:10)
    at Module.load (node:internal/modules/cjs/loader:981:32)
    at Function.Module._load (node:internal/modules/cjs/loader:822:12)
    at Object.<anonymous> (/usr/lib/node_modules/pm2/lib/ProcessContainerFork.js:33:23)
    at Module._compile (node:internal/modules/cjs/loader:1103:14)
    at Object.Module._extensions..js (node:internal/modules/cjs/loader:1157:10) {
  errno: -13,
  syscall: 'open',
  code: 'EACCES',
  path: 'cert/privkey.pem'
}
Error: EACCES: permission denied, open 'cert/privkey.pem'
    at Object.openSync (node:fs:585:3)
    at Object.readFileSync (node:fs:453:35)
    at Object.<anonymous> (/home/fyp21075/server.js:15:10)
    at Module._compile (node:internal/modules/cjs/loader:1103:14)
    at Object.Module._extensions..js (node:internal/modules/cjs/loader:1157:10)
    at Module.load (node:internal/modules/cjs/loader:981:32)
    at Function.Module._load (node:internal/modules/cjs/loader:822:12)
    at Object.<anonymous> (/usr/lib/node_modules/pm2/lib/ProcessContainerFork.js:33:23)
    at Module._compile (node:internal/modules/cjs/loader:1103:14)
    at Object.Module._extensions..js (node:internal/modules/cjs/loader:1157:10) {
  errno: -13,
  syscall: 'open',
  code: 'EACCES',
  path: 'cert/privkey.pem'
}
Error: EACCES: permission denied, open 'cert/privkey.pem'
    at Object.openSync (node:fs:585:3)
    at Object.readFileSync (node:fs:453:35)
    at Object.<anonymous> (/home/fyp21075/server.js:15:10)
    at Module._compile (node:internal/modules/cjs/loader:1103:14)
    at Object.Module._extensions..js (node:internal/modules/cjs/loader:1157:10)
    at Module.load (node:internal/modules/cjs/loader:981:32)
    at Function.Module._load (node:internal/modules/cjs/loader:822:12)
    at Object.<anonymous> (/usr/lib/node_modules/pm2/lib/ProcessContainerFork.js:33:23)
    at Module._compile (node:internal/modules/cjs/loader:1103:14)
    at Object.Module._extensions..js (node:internal/modules/cjs/loader:1157:10) {
  errno: -13,
  syscall: 'open',
  code: 'EACCES',
  path: 'cert/privkey.pem'
}
Error: EACCES: permission denied, open 'cert/privkey.pem'
    at Object.openSync (node:fs:585:3)
    at Object.readFileSync (node:fs:453:35)
    at Object.<anonymous> (/home/fyp21075/server.js:15:10)
    at Module._compile (node:internal/modules/cjs/loader:1103:14)
    at Object.Module._extensions..js (node:internal/modules/cjs/loader:1157:10)
    at Module.load (node:internal/modules/cjs/loader:981:32)
    at Function.Module._load (node:internal/modules/cjs/loader:822:12)
    at Object.<anonymous> (/usr/lib/node_modules/pm2/lib/ProcessContainerFork.js:33:23)
    at Module._compile (node:internal/modules/cjs/loader:1103:14)
    at Object.Module._extensions..js (node:internal/modules/cjs/loader:1157:10) {
  errno: -13,
  syscall: 'open',
  code: 'EACCES',
  path: 'cert/privkey.pem'
}
Error: EACCES: permission denied, open 'cert/privkey.pem'
    at Object.openSync (node:fs:585:3)
    at Object.readFileSync (node:fs:453:35)
    at Object.<anonymous> (/home/fyp21075/server.js:15:10)
    at Module._compile (node:internal/modules/cjs/loader:1103:14)
    at Object.Module._extensions..js (node:internal/modules/cjs/loader:1157:10)
    at Module.load (node:internal/modules/cjs/loader:981:32)
    at Function.Module._load (node:internal/modules/cjs/loader:822:12)
    at Object.<anonymous> (/usr/lib/node_modules/pm2/lib/ProcessContainerFork.js:33:23)
    at Module._compile (node:internal/modules/cjs/loader:1103:14)
    at Object.Module._extensions..js (node:internal/modules/cjs/loader:1157:10) {
  errno: -13,
  syscall: 'open',
  code: 'EACCES',
  path: 'cert/privkey.pem'
}
Error: EACCES: permission denied, open 'cert/privkey.pem'
    at Object.openSync (node:fs:585:3)
    at Object.readFileSync (node:fs:453:35)
    at Object.<anonymous> (/home/fyp21075/server.js:15:10)
    at Module._compile (node:internal/modules/cjs/loader:1103:14)
    at Object.Module._extensions..js (node:internal/modules/cjs/loader:1157:10)
    at Module.load (node:internal/modules/cjs/loader:981:32)
    at Function.Module._load (node:internal/modules/cjs/loader:822:12)
    at Object.<anonymous> (/usr/lib/node_modules/pm2/lib/ProcessContainerFork.js:33:23)
    at Module._compile (node:internal/modules/cjs/loader:1103:14)
    at Object.Module._extensions..js (node:internal/modules/cjs/loader:1157:10) {
  errno: -13,
  syscall: 'open',
  code: 'EACCES',
  path: 'cert/privkey.pem'
}
Error: EACCES: permission denied, open 'cert/privkey.pem'
    at Object.openSync (node:fs:585:3)
    at Object.readFileSync (node:fs:453:35)
    at Object.<anonymous> (/home/fyp21075/server.js:15:10)
    at Module._compile (node:internal/modules/cjs/loader:1103:14)
    at Object.Module._extensions..js (node:internal/modules/cjs/loader:1157:10)
    at Module.load (node:internal/modules/cjs/loader:981:32)
    at Function.Module._load (node:internal/modules/cjs/loader:822:12)
    at Object.<anonymous> (/usr/lib/node_modules/pm2/lib/ProcessContainerFork.js:33:23)
    at Module._compile (node:internal/modules/cjs/loader:1103:14)
    at Object.Module._extensions..js (node:internal/modules/cjs/loader:1157:10) {
  errno: -13,
  syscall: 'open',
  code: 'EACCES',
  path: 'cert/privkey.pem'
}
Error: EACCES: permission denied, open 'cert/privkey.pem'
    at Object.openSync (node:fs:585:3)
    at Object.readFileSync (node:fs:453:35)
    at Object.<anonymous> (/home/fyp21075/server.js:15:10)
    at Module._compile (node:internal/modules/cjs/loader:1103:14)
    at Object.Module._extensions..js (node:internal/modules/cjs/loader:1157:10)
    at Module.load (node:internal/modules/cjs/loader:981:32)
    at Function.Module._load (node:internal/modules/cjs/loader:822:12)
    at Object.<anonymous> (/usr/lib/node_modules/pm2/lib/ProcessContainerFork.js:33:23)
    at Module._compile (node:internal/modules/cjs/loader:1103:14)
    at Object.Module._extensions..js (node:internal/modules/cjs/loader:1157:10) {
  errno: -13,
  syscall: 'open',
  code: 'EACCES',
  path: 'cert/privkey.pem'
}
