0 verbose cli [
0 verbose cli   '/home/fyp21075/.nvm/versions/node/v16.14.2/bin/node',
0 verbose cli   '/home/fyp21075/.nvm/versions/node/v16.14.2/bin/npm',
0 verbose cli   '--version'
0 verbose cli ]
1 info using npm@8.5.0
2 info using node@v16.14.2
3 timing npm:load:whichnode Completed in 1ms
4 timing config:load:defaults Completed in 2ms
5 timing config:load:file:/home/fyp21075/.nvm/versions/node/v16.14.2/lib/node_modules/npm/npmrc Completed in 1ms
6 timing config:load:builtin Completed in 1ms
7 timing config:load:cli Completed in 3ms
8 timing config:load:env Completed in 0ms
9 timing config:load:project Completed in 21ms
10 timing config:load:file:/home/fyp21075/.npmrc Completed in 0ms
11 timing config:load:user Completed in 0ms
12 timing config:load:file:/home/fyp21075/.nvm/versions/node/v16.14.2/etc/npmrc Completed in 0ms
13 timing config:load:global Completed in 1ms
14 timing config:load:validate Completed in 0ms
15 timing config:load:credentials Completed in 1ms
16 timing config:load:setEnvs Completed in 1ms
17 timing config:load Completed in 30ms
18 timing npm:load:configload Completed in 30ms
19 timing npm:load:setTitle Completed in 0ms
20 timing config:load:flatten Completed in 3ms
21 timing npm:load:display Completed in 4ms
22 verbose logfile /home/fyp21075/.npm/_logs/2022-04-12T05_15_10_084Z-debug-0.log
23 timing npm:load:logFile Completed in 6ms
24 timing npm:load:timers Completed in 0ms
25 timing npm:load:configScope Completed in 0ms
26 timing npm:load Completed in 42ms
27 verbose exit 0
28 timing npm Completed in 196ms
29 info ok
