0 verbose cli [
0 verbose cli   '/home/fyp21075/.nvm/versions/node/v16.14.2/bin/node',
0 verbose cli   '/home/fyp21075/.nvm/versions/node/v16.14.2/bin/npm',
0 verbose cli   'list',
0 verbose cli   'socket.io-client'
0 verbose cli ]
1 info using npm@8.5.0
2 info using node@v16.14.2
3 timing npm:load:whichnode Completed in 0ms
4 timing config:load:defaults Completed in 2ms
5 timing config:load:file:/home/fyp21075/.nvm/versions/node/v16.14.2/lib/node_modules/npm/npmrc Completed in 1ms
6 timing config:load:builtin Completed in 2ms
7 timing config:load:cli Completed in 1ms
8 timing config:load:env Completed in 1ms
9 timing config:load:project Completed in 19ms
10 timing config:load:file:/home/fyp21075/.npmrc Completed in 0ms
11 timing config:load:user Completed in 0ms
12 timing config:load:file:/home/fyp21075/.nvm/versions/node/v16.14.2/etc/npmrc Completed in 0ms
13 timing config:load:global Completed in 1ms
14 timing config:load:validate Completed in 0ms
15 timing config:load:credentials Completed in 1ms
16 timing config:load:setEnvs Completed in 1ms
17 timing config:load Completed in 28ms
18 timing npm:load:configload Completed in 29ms
19 timing npm:load:setTitle Completed in 0ms
20 timing config:load:flatten Completed in 3ms
21 timing npm:load:display Completed in 5ms
22 verbose logfile /home/fyp21075/.npm/_logs/2022-04-11T19_04_31_440Z-debug-0.log
23 timing npm:load:logFile Completed in 5ms
24 timing npm:load:timers Completed in 0ms
25 timing npm:load:configScope Completed in 0ms
26 timing npm:load Completed in 41ms
27 timing arborist:ctor Completed in 1ms
28 silly logfile start cleaning logs, removing 1 files
29 timing arborist:ctor Completed in 0ms
30 timing command:list Completed in 368ms
31 verbose exit 0
32 timing npm Completed in 674ms
33 info ok
