0 verbose cli [
0 verbose cli   '/home/fyp21075/.nvm/versions/node/v16.14.2/bin/node',
0 verbose cli   '/home/fyp21075/.nvm/versions/node/v16.14.2/bin/npm',
0 verbose cli   'list',
0 verbose cli   '-l',
0 verbose cli   'socket.io-client'
0 verbose cli ]
1 info using npm@8.5.0
2 info using node@v16.14.2
3 timing npm:load:whichnode Completed in 0ms
4 timing config:load:defaults Completed in 2ms
5 timing config:load:file:/home/fyp21075/.nvm/versions/node/v16.14.2/lib/node_modules/npm/npmrc Completed in 1ms
6 timing config:load:builtin Completed in 1ms
7 timing config:load:cli Completed in 2ms
8 timing config:load:env Completed in 0ms
9 timing config:load:project Completed in 19ms
10 timing config:load:file:/home/fyp21075/.npmrc Completed in 1ms
11 timing config:load:user Completed in 1ms
12 timing config:load:file:/home/fyp21075/.nvm/versions/node/v16.14.2/etc/npmrc Completed in 1ms
13 timing config:load:global Completed in 1ms
14 timing config:load:validate Completed in 0ms
15 timing config:load:credentials Completed in 1ms
16 timing config:load:setEnvs Completed in 1ms
17 timing config:load Completed in 29ms
18 timing npm:load:configload Completed in 30ms
19 timing npm:load:setTitle Completed in 0ms
20 timing config:load:flatten Completed in 4ms
21 timing npm:load:display Completed in 6ms
22 verbose logfile /home/fyp21075/.npm/_logs/2022-04-11T19_04_40_642Z-debug-0.log
23 timing npm:load:logFile Completed in 5ms
24 timing npm:load:timers Completed in 0ms
25 timing npm:load:configScope Completed in 0ms
26 timing npm:load Completed in 43ms
27 timing arborist:ctor Completed in 0ms
28 silly logfile start cleaning logs, removing 1 files
29 timing arborist:ctor Completed in 0ms
30 timing command:list Completed in 347ms
31 verbose stack TypeError: Cannot read properties of undefined (reading 'description')
31 verbose stack     at getHumanOutputItem (/home/fyp21075/.nvm/versions/node/v16.14.2/lib/node_modules/npm/lib/commands/ls.js:338:35)
31 verbose stack     at visit (/home/fyp21075/.nvm/versions/node/v16.14.2/lib/node_modules/npm/lib/commands/ls.js:164:15)
31 verbose stack     at visitNode (/home/fyp21075/.nvm/versions/node/v16.14.2/lib/node_modules/npm/node_modules/treeverse/lib/breadth.js:36:25)
31 verbose stack     at next (/home/fyp21075/.nvm/versions/node/v16.14.2/lib/node_modules/npm/node_modules/treeverse/lib/breadth.js:23:19)
31 verbose stack     at /home/fyp21075/.nvm/versions/node/v16.14.2/lib/node_modules/npm/node_modules/treeverse/lib/breadth.js:25:31
31 verbose stack     at async LS.exec (/home/fyp21075/.nvm/versions/node/v16.14.2/lib/node_modules/npm/lib/commands/ls.js:121:20)
31 verbose stack     at async module.exports (/home/fyp21075/.nvm/versions/node/v16.14.2/lib/node_modules/npm/lib/cli.js:66:5)
32 verbose cwd /home/fyp21075
33 verbose Linux 4.15.0-169-generic
34 verbose argv "/home/fyp21075/.nvm/versions/node/v16.14.2/bin/node" "/home/fyp21075/.nvm/versions/node/v16.14.2/bin/npm" "list" "-l" "socket.io-client"
35 verbose node v16.14.2
36 verbose npm  v8.5.0
37 error Cannot read properties of undefined (reading 'description')
38 verbose exit 1
39 timing npm Completed in 612ms
40 verbose code 1
41 error A complete log of this run can be found in:
41 error     /home/fyp21075/.npm/_logs/2022-04-11T19_04_40_642Z-debug-0.log
